<?xml version="1.0" encoding="UTF-8"?>
<!-- Generated by org.testng.reporters.JUnitReportReporter -->
<testsuite hostname="LAPTOP-30NBV301" failures="0" tests="7" name="com.test.cases.TestCase1" time="49.675" errors="0" timestamp="2022-11-30T21:40:49 IST" skipped="0">
  <testcase classname="com.test.cases.TestCase1" name="ValidateLogo" time="2.148"/>
  <system-out/>
  <testcase classname="com.test.cases.TestCase1" name="ValidateLogin" time="5.887"/>
  <system-out/>
  <testcase classname="com.test.cases.TestCase1" name="ValidateSignUp" time="4.989"/>
  <system-out/>
  <testcase classname="com.test.cases.TestCase1" name="ValidateCustomer" time="14.558"/>
  <system-out/>
  <testcase classname="com.test.cases.TestCase1" name="ValidateContactUs" time="7.969"/>
  <system-out/>
  <testcase classname="com.test.cases.TestCase1" name="ValidateFeatures" time="4.962"/>
  <system-out/>
  <testcase classname="com.test.cases.TestCase1" name="ValidatePricing" time="9.162"/>
  <system-out/>
</testsuite> <!-- com.test.cases.TestCase1 -->
