<?xml version="1.0" encoding="UTF-8"?>
<!-- Generated by org.testng.reporters.JUnitReportReporter -->
<testsuite hostname="LAPTOP-30NBV301" failures="0" tests="16" name="com.test.cases.TestCases11" time="17.253" errors="0" timestamp="2022-11-21T16:26:17 IST" skipped="0">
  <testcase classname="com.test.cases.TestCases11" name="initialSetup" time="11.349"/>
  <system-out/>
  <testcase classname="com.test.cases.TestCases11" name="validateCreatebtn" time="0.413"/>
  <system-out/>
  <testcase classname="com.test.cases.TestCases11" name="validateTitle" time="0.470"/>
  <system-out/>
  <testcase classname="com.test.cases.TestCases11" name="validateAssignTo" time="0.189"/>
  <system-out/>
  <testcase classname="com.test.cases.TestCases11" name="validateContact" time="0.438"/>
  <system-out/>
  <testcase classname="com.test.cases.TestCases11" name="validateCompany" time="0.418"/>
  <system-out/>
  <testcase classname="com.test.cases.TestCases11" name="validateDeal" time="0.398"/>
  <system-out/>
  <testcase classname="com.test.cases.TestCases11" name="validateType" time="0.213"/>
  <system-out/>
  <testcase classname="com.test.cases.TestCases11" name="validateTags" time="0.417"/>
  <system-out/>
  <testcase classname="com.test.cases.TestCases11" name="validatePriority" time="0.183"/>
  <system-out/>
  <testcase classname="com.test.cases.TestCases11" name="validateDescription" time="0.599"/>
  <system-out/>
  <testcase classname="com.test.cases.TestCases11" name="validateStatus" time="0.231"/>
  <system-out/>
  <testcase classname="com.test.cases.TestCases11" name="validateIdentifier" time="0.442"/>
  <system-out/>
  <testcase classname="com.test.cases.TestCases11" name="validateClosedate" time="0.796"/>
  <system-out/>
  <testcase classname="com.test.cases.TestCases11" name="validateDeadline" time="0.570"/>
  <system-out/>
  <testcase classname="com.test.cases.TestCases11" name="validateSavebtn" time="0.127"/>
  <system-out/>
</testsuite> <!-- com.test.cases.TestCases11 -->
