<?xml version="1.0" encoding="UTF-8"?>
<!-- Generated by org.testng.reporters.JUnitReportReporter -->
<testsuite hostname="LAPTOP-30NBV301" failures="0" tests="19" name="com.test.cases.TestCase10" time="13.511" errors="0" timestamp="2022-11-30T21:43:55 IST" skipped="0">
  <testcase classname="com.test.cases.TestCase10" name="initialSetup" time="6.994"/>
  <system-out/>
  <testcase classname="com.test.cases.TestCase10" name="validateCreatebtn" time="0.669"/>
  <system-out/>
  <testcase classname="com.test.cases.TestCase10" name="validateTitle" time="0.652"/>
  <system-out/>
  <testcase classname="com.test.cases.TestCase10" name="validateAssignTo" time="0.167"/>
  <system-out/>
  <testcase classname="com.test.cases.TestCase10" name="validateCompany" time="0.457"/>
  <system-out/>
  <testcase classname="com.test.cases.TestCase10" name="validateProducts" time="0.507"/>
  <system-out/>
  <testcase classname="com.test.cases.TestCase10" name="validateContacts" time="0.452"/>
  <system-out/>
  <testcase classname="com.test.cases.TestCase10" name="validateTags" time="0.414"/>
  <system-out/>
  <testcase classname="com.test.cases.TestCase10" name="validateProbabiblity" time="0.252"/>
  <system-out/>
  <testcase classname="com.test.cases.TestCase10" name="validateDescription" time="0.734"/>
  <system-out/>
  <testcase classname="com.test.cases.TestCase10" name="validateAmount" time="0.253"/>
  <system-out/>
  <testcase classname="com.test.cases.TestCase10" name="validateCommission" time="0.199"/>
  <system-out/>
  <testcase classname="com.test.cases.TestCase10" name="validateStage" time="0.182"/>
  <system-out/>
  <testcase classname="com.test.cases.TestCase10" name="validateStatus" time="0.200"/>
  <system-out/>
  <testcase classname="com.test.cases.TestCase10" name="validateNextStep" time="0.513"/>
  <system-out/>
  <testcase classname="com.test.cases.TestCase10" name="validateType" time="0.196"/>
  <system-out/>
  <testcase classname="com.test.cases.TestCase10" name="validateSource" time="0.179"/>
  <system-out/>
  <testcase classname="com.test.cases.TestCase10" name="validateIdentifier" time="0.362"/>
  <system-out/>
  <testcase classname="com.test.cases.TestCase10" name="validateSavebtn" time="0.129"/>
  <system-out/>
</testsuite> <!-- com.test.cases.TestCase10 -->
