<?xml version="1.0" encoding="UTF-8"?>
<!-- Generated by org.testng.reporters.JUnitReportReporter -->
<testsuite hostname="LAPTOP-30NBV301" failures="0" tests="4" name="com.test.cases.TestCase3" time="10.613" errors="0" timestamp="2022-11-19T21:14:49 IST" skipped="0">
  <testcase classname="com.test.cases.TestCase3" name="intiateforvalidation" time="7.501"/>
  <system-out/>
  <testcase classname="com.test.cases.TestCase3" name="ValidateCalender" time="2.299"/>
  <system-out/>
  <testcase classname="com.test.cases.TestCase3" name="ValidateContact" time="0.434"/>
  <system-out/>
  <testcase classname="com.test.cases.TestCase3" name="ValidateCompany" time="0.379"/>
  <system-out/>
</testsuite> <!-- com.test.cases.TestCase3 -->
