<?xml version="1.0" encoding="UTF-8"?>
<!-- Generated by org.testng.reporters.JUnitReportReporter -->
<testsuite hostname="LAPTOP-30NBV301" failures="0" tests="16" name="com.test.cases.TestCases11" time="19.960" errors="0" timestamp="2022-11-30T21:38:15 IST" skipped="0">
  <testcase classname="com.test.cases.TestCases11" name="initialSetup" time="13.726"/>
  <system-out/>
  <testcase classname="com.test.cases.TestCases11" name="validateCreatebtn" time="0.313"/>
  <system-out/>
  <testcase classname="com.test.cases.TestCases11" name="validateTitle" time="0.346"/>
  <system-out/>
  <testcase classname="com.test.cases.TestCases11" name="validateAssignTo" time="0.334"/>
  <system-out/>
  <testcase classname="com.test.cases.TestCases11" name="validateContact" time="0.695"/>
  <system-out/>
  <testcase classname="com.test.cases.TestCases11" name="validateCompany" time="0.477"/>
  <system-out/>
  <testcase classname="com.test.cases.TestCases11" name="validateDeal" time="0.446"/>
  <system-out/>
  <testcase classname="com.test.cases.TestCases11" name="validateType" time="0.263"/>
  <system-out/>
  <testcase classname="com.test.cases.TestCases11" name="validateTags" time="0.404"/>
  <system-out/>
  <testcase classname="com.test.cases.TestCases11" name="validatePriority" time="0.192"/>
  <system-out/>
  <testcase classname="com.test.cases.TestCases11" name="validateDescription" time="0.584"/>
  <system-out/>
  <testcase classname="com.test.cases.TestCases11" name="validateStatus" time="0.165"/>
  <system-out/>
  <testcase classname="com.test.cases.TestCases11" name="validateIdentifier" time="0.411"/>
  <system-out/>
  <testcase classname="com.test.cases.TestCases11" name="validateClosedate" time="0.745"/>
  <system-out/>
  <testcase classname="com.test.cases.TestCases11" name="validateDeadline" time="0.705"/>
  <system-out/>
  <testcase classname="com.test.cases.TestCases11" name="validateSavebtn" time="0.154"/>
  <system-out/>
</testsuite> <!-- com.test.cases.TestCases11 -->
