<?xml version="1.0" encoding="UTF-8"?>
<!-- Generated by org.testng.reporters.JUnitReportReporter -->
<testsuite hostname="LAPTOP-30NBV301" failures="0" tests="7" name="com.test.cases.TestCase1" time="157.515" errors="0" timestamp="2022-11-16T11:35:05 IST" skipped="0">
  <testcase classname="com.test.cases.TestCase1" name="ValidateLogo" time="12.681"/>
  <system-out/>
  <testcase classname="com.test.cases.TestCase1" name="ValidateLogin" time="27.305"/>
  <system-out/>
  <testcase classname="com.test.cases.TestCase1" name="ValidateSignUp" time="21.544"/>
  <system-out/>
  <testcase classname="com.test.cases.TestCase1" name="ValidateCustomer" time="19.941"/>
  <system-out/>
  <testcase classname="com.test.cases.TestCase1" name="ValidateContactUs" time="42.609"/>
  <system-out/>
  <testcase classname="com.test.cases.TestCase1" name="ValidateFeatures" time="14.809"/>
  <system-out/>
  <testcase classname="com.test.cases.TestCase1" name="ValidatePricing" time="18.626"/>
  <system-out/>
</testsuite> <!-- com.test.cases.TestCase1 -->
