<?xml version="1.0" encoding="UTF-8"?>
<!-- Generated by org.testng.reporters.JUnitReportReporter -->
<testsuite hostname="LAPTOP-30NBV301" failures="0" tests="3" name="com.test.cases.TestCase10" time="8.900" errors="0" timestamp="2022-11-19T10:34:18 IST" skipped="0">
  <testcase classname="com.test.cases.TestCase10" name="initialSetup" time="7.759"/>
  <system-out/>
  <testcase classname="com.test.cases.TestCase10" name="validateCreatebtn" time="0.277"/>
  <system-out/>
  <testcase classname="com.test.cases.TestCase10" name="validateAssignTo" time="0.864"/>
  <system-out/>
</testsuite> <!-- com.test.cases.TestCase10 -->
