<?xml version="1.0" encoding="UTF-8"?>
<!-- Generated by org.testng.reporters.JUnitReportReporter -->
<testsuite hostname="LAPTOP-30NBV301" failures="0" tests="2" name="com.test.cases.TestCase13" time="7.704" errors="0" timestamp="2022-11-22T16:36:49 IST" skipped="0">
  <testcase classname="com.test.cases.TestCase13" name="initialSetup" time="7.238"/>
  <system-out/>
  <testcase classname="com.test.cases.TestCase13" name="validateCreatebtn" time="0.466"/>
  <system-out/>
</testsuite> <!-- com.test.cases.TestCase13 -->
