<?xml version="1.0" encoding="UTF-8"?>
<!-- Generated by org.testng.reporters.JUnitReportReporter -->
<testsuite hostname="DESKTOP-SQFF9V1" failures="0" tests="4" name="com.test.cases.TestCase8" time="32.405" errors="0" timestamp="2022-11-19T16:17:52 IST" skipped="0">
  <testcase classname="com.test.cases.TestCase8" name="intialsetup" time="7.592"/>
  <system-out/>
  <testcase classname="com.test.cases.TestCase8" name="Visibilityofcancel" time="1.207"/>
  <system-out/>
  <testcase classname="com.test.cases.TestCase8" name="entercred" time="23.327"/>
  <system-out/>
  <testcase classname="com.test.cases.TestCase8" name="clickonsave" time="0.279"/>
  <system-out/>
</testsuite> <!-- com.test.cases.TestCase8 -->
