<?xml version="1.0" encoding="UTF-8"?>
<!-- Generated by org.testng.reporters.JUnitReportReporter -->
<testsuite hostname="Andy2312" failures="0" tests="3" name="com.test.cases.TestCase6" time="6.424" errors="0" timestamp="2022-11-16T20:49:37 IST" skipped="0">
  <testcase classname="com.test.cases.TestCase6" name="initiateValidation" time="5.794"/>
  <system-out/>
  <testcase classname="com.test.cases.TestCase6" name="Validation" time="0.563"/>
  <system-out/>
  <testcase classname="com.test.cases.TestCase6" name="ClickonCreate" time="0.067"/>
  <system-out/>
</testsuite> <!-- com.test.cases.TestCase6 -->
