<?xml version="1.0" encoding="UTF-8"?>
<!-- Generated by org.testng.reporters.JUnitReportReporter -->
<testsuite hostname="LAPTOP-30NBV301" failures="0" tests="8" name="com.test.cases.TestCase13" time="10.544" errors="0" timestamp="2022-11-22T19:12:01 IST" skipped="0">
  <testcase classname="com.test.cases.TestCase13" name="initialSetup" time="7.085"/>
  <system-out/>
  <testcase classname="com.test.cases.TestCase13" name="validateCreatebtn" time="0.533"/>
  <system-out/>
  <testcase classname="com.test.cases.TestCase13" name="validateCallTime" time="1.246"/>
  <system-out/>
  <testcase classname="com.test.cases.TestCase13" name="validateStarttime" time="0.775"/>
  <system-out/>
  <testcase classname="com.test.cases.TestCase13" name="validateAssignTo" time="0.199"/>
  <system-out/>
  <testcase classname="com.test.cases.TestCase13" name="validateDuration" time="0.273"/>
  <system-out/>
  <testcase classname="com.test.cases.TestCase13" name="validateFlag" time="0.194"/>
  <system-out/>
  <testcase classname="com.test.cases.TestCase13" name="validateType" time="0.239"/>
  <system-out/>
</testsuite> <!-- com.test.cases.TestCase13 -->
