<?xml version="1.0" encoding="UTF-8"?>
<!-- Generated by org.testng.reporters.JUnitReportReporter -->
<testsuite hostname="Andy2312" failures="0" tests="1" name="com.test.cases.TestCase3" time="14.049" errors="0" timestamp="2022-11-16T18:33:04 IST" skipped="0">
  <testcase classname="com.test.cases.TestCase3" name="intiateforvalidation" time="14.049"/>
  <system-out/>
</testsuite> <!-- com.test.cases.TestCase3 -->
