<?xml version="1.0" encoding="UTF-8"?>
<!-- Generated by org.testng.reporters.JUnitReportReporter -->
<testsuite hostname="LAPTOP-30NBV301" failures="0" tests="3" name="com.test.cases.TestCase4" time="19.621" errors="0" timestamp="2022-11-17T15:17:56 IST" skipped="0">
  <testcase classname="com.test.cases.TestCase4" name="initialSetup" time="6.997"/>
  <system-out/>
  <testcase classname="com.test.cases.TestCase4" name="addEvents" time="12.614"/>
  <system-out/>
  <testcase classname="com.test.cases.TestCase4" name="currPageTitle" time="0.010"/>
  <system-out/>
</testsuite> <!-- com.test.cases.TestCase4 -->
