<?xml version="1.0" encoding="UTF-8"?>
<!-- Generated by org.testng.reporters.JUnitReportReporter -->
<testsuite hostname="DESKTOP-SQFF9V1" failures="0" tests="1" name="com.test.cases.TestCase2" time="6.962" errors="0" timestamp="2022-11-16T16:00:54 IST" skipped="0">
  <testcase classname="com.test.cases.TestCase2" name="ValidateLoginFuctionality" time="6.962"/>
  <system-out/>
</testsuite> <!-- com.test.cases.TestCase2 -->
