<?xml version="1.0" encoding="UTF-8"?>
<!-- Generated by org.testng.reporters.JUnitReportReporter -->
<testsuite hostname="LAPTOP-30NBV301" failures="0" tests="2" name="com.test.cases.TestCase4" time="19.913" errors="0" timestamp="2022-11-17T14:59:45 IST" skipped="0">
  <testcase classname="com.test.cases.TestCase4" name="addEvents" time="12.421"/>
  <system-out/>
  <testcase classname="com.test.cases.TestCase4" name="initialSetup" time="7.492"/>
  <system-out/>
</testsuite> <!-- com.test.cases.TestCase4 -->
