<?xml version="1.0" encoding="UTF-8"?>
<!-- Generated by org.testng.reporters.JUnitReportReporter -->
<testsuite hostname="DESKTOP-SQFF9V1" failures="0" tests="6" name="com.test.cases.TestCase2" time="26.084" errors="0" timestamp="2022-11-16T16:18:25 IST" skipped="0">
  <testcase classname="com.test.cases.TestCase2" name="validateEmail" time="6.004"/>
  <system-out/>
  <testcase classname="com.test.cases.TestCase2" name="validatePassword" time="2.693"/>
  <system-out/>
  <testcase classname="com.test.cases.TestCase2" name="validateLoginbtn" time="2.298"/>
  <system-out/>
  <testcase classname="com.test.cases.TestCase2" name="validateForgotpass" time="5.128"/>
  <system-out/>
  <testcase classname="com.test.cases.TestCase2" name="validateSignUp" time="6.014"/>
  <system-out/>
  <testcase classname="com.test.cases.TestCase2" name="ValidateLoginFuctionality" time="3.947"/>
  <system-out/>
</testsuite> <!-- com.test.cases.TestCase2 -->
