<?xml version="1.0" encoding="UTF-8"?>
<!-- Generated by org.testng.reporters.JUnitReportReporter -->
<testsuite hostname="DESKTOP-SQFF9V1" failures="0" tests="7" name="com.test.cases.TestCase1" time="24.590" errors="0" timestamp="2022-11-16T13:15:27 IST" skipped="0">
  <testcase classname="com.test.cases.TestCase1" name="ValidateLogo" time="2.735"/>
  <system-out/>
  <testcase classname="com.test.cases.TestCase1" name="ValidateLogin" time="5.062"/>
  <system-out/>
  <testcase classname="com.test.cases.TestCase1" name="ValidateSignUp" time="3.648"/>
  <system-out/>
  <testcase classname="com.test.cases.TestCase1" name="ValidateCustomer" time="2.822"/>
  <system-out/>
  <testcase classname="com.test.cases.TestCase1" name="ValidateContactUs" time="3.529"/>
  <system-out/>
  <testcase classname="com.test.cases.TestCase1" name="ValidateFeatures" time="2.912"/>
  <system-out/>
  <testcase classname="com.test.cases.TestCase1" name="ValidatePricing" time="3.882"/>
  <system-out/>
</testsuite> <!-- com.test.cases.TestCase1 -->
