<?xml version="1.0" encoding="UTF-8"?>
<!-- Generated by org.testng.reporters.JUnitReportReporter -->
<testsuite hostname="LAPTOP-30NBV301" failures="0" tests="2" name="com.test.cases.TestCase7" time="9.593" errors="0" timestamp="2022-11-17T21:00:41 IST" skipped="0">
  <testcase classname="com.test.cases.TestCase7" name="initialSetup" time="7.457"/>
  <system-out/>
  <testcase classname="com.test.cases.TestCase7" name="enterRandondate" time="2.136"/>
  <system-out/>
</testsuite> <!-- com.test.cases.TestCase7 -->
