<?xml version="1.0" encoding="UTF-8"?>
<!-- Generated by org.testng.reporters.JUnitReportReporter -->
<testsuite hostname="LAPTOP-30NBV301" failures="0" tests="2" name="com.test.cases.TestCase4" time="15.872" errors="0" timestamp="2022-11-16T23:22:04 IST" skipped="0">
  <testcase classname="com.test.cases.TestCase4" name="addEvents" time="6.278"/>
  <system-out/>
  <testcase classname="com.test.cases.TestCase4" name="initialSetup" time="9.594"/>
  <system-out/>
</testsuite> <!-- com.test.cases.TestCase4 -->
