<?xml version="1.0" encoding="UTF-8"?>
<!-- Generated by org.testng.reporters.JUnitReportReporter -->
<testsuite hostname="LAPTOP-30NBV301" failures="0" tests="16" name="com.test.cases.TestCases11" time="18.063" errors="0" timestamp="2022-11-22T00:16:43 IST" skipped="0">
  <testcase classname="com.test.cases.TestCases11" name="initialSetup" time="11.557"/>
  <system-out/>
  <testcase classname="com.test.cases.TestCases11" name="validateCreatebtn" time="0.840"/>
  <system-out/>
  <testcase classname="com.test.cases.TestCases11" name="validateTitle" time="0.549"/>
  <system-out/>
  <testcase classname="com.test.cases.TestCases11" name="validateAssignTo" time="0.237"/>
  <system-out/>
  <testcase classname="com.test.cases.TestCases11" name="validateContact" time="0.563"/>
  <system-out/>
  <testcase classname="com.test.cases.TestCases11" name="validateCompany" time="0.452"/>
  <system-out/>
  <testcase classname="com.test.cases.TestCases11" name="validateDeal" time="0.436"/>
  <system-out/>
  <testcase classname="com.test.cases.TestCases11" name="validateType" time="0.245"/>
  <system-out/>
  <testcase classname="com.test.cases.TestCases11" name="validateTags" time="0.462"/>
  <system-out/>
  <testcase classname="com.test.cases.TestCases11" name="validatePriority" time="0.182"/>
  <system-out/>
  <testcase classname="com.test.cases.TestCases11" name="validateDescription" time="0.621"/>
  <system-out/>
  <testcase classname="com.test.cases.TestCases11" name="validateStatus" time="0.201"/>
  <system-out/>
  <testcase classname="com.test.cases.TestCases11" name="validateIdentifier" time="0.406"/>
  <system-out/>
  <testcase classname="com.test.cases.TestCases11" name="validateClosedate" time="0.626"/>
  <system-out/>
  <testcase classname="com.test.cases.TestCases11" name="validateDeadline" time="0.575"/>
  <system-out/>
  <testcase classname="com.test.cases.TestCases11" name="validateSavebtn" time="0.111"/>
  <system-out/>
</testsuite> <!-- com.test.cases.TestCases11 -->
