<?xml version="1.0" encoding="UTF-8"?>
<!-- Generated by org.testng.reporters.JUnitReportReporter -->
<testsuite hostname="LAPTOP-30NBV301" failures="0" tests="1" name="com.test.cases.TestCase12" time="13.266" errors="0" timestamp="2022-11-20T09:43:34 IST" skipped="0">
  <testcase classname="com.test.cases.TestCase12" name="initialSetup" time="13.266"/>
  <system-out/>
</testsuite> <!-- com.test.cases.TestCase12 -->
