<?xml version="1.0" encoding="UTF-8"?>
<!-- Generated by org.testng.reporters.JUnitReportReporter -->
<testsuite hostname="LAPTOP-30NBV301" failures="0" tests="14" name="com.test.cases.TestCases11" time="11.364" errors="0" timestamp="2022-11-19T22:07:41 IST" skipped="0">
  <testcase classname="com.test.cases.TestCases11" name="initialSetup" time="7.069"/>
  <system-out/>
  <testcase classname="com.test.cases.TestCases11" name="validateCreatebtn" time="0.226"/>
  <system-out/>
  <testcase classname="com.test.cases.TestCases11" name="validateTitle" time="0.621"/>
  <system-out/>
  <testcase classname="com.test.cases.TestCases11" name="validateAssignTo" time="0.238"/>
  <system-out/>
  <testcase classname="com.test.cases.TestCases11" name="validateContact" time="0.425"/>
  <system-out/>
  <testcase classname="com.test.cases.TestCases11" name="validateCompany" time="0.417"/>
  <system-out/>
  <testcase classname="com.test.cases.TestCases11" name="validateDeal" time="0.413"/>
  <system-out/>
  <testcase classname="com.test.cases.TestCases11" name="validateType" time="0.214"/>
  <system-out/>
  <testcase classname="com.test.cases.TestCases11" name="validateTags" time="0.402"/>
  <system-out/>
  <testcase classname="com.test.cases.TestCases11" name="validatePriority" time="0.181"/>
  <system-out/>
  <testcase classname="com.test.cases.TestCases11" name="validateDescription" time="0.500"/>
  <system-out/>
  <testcase classname="com.test.cases.TestCases11" name="validateStatus" time="0.164"/>
  <system-out/>
  <testcase classname="com.test.cases.TestCases11" name="validateIdentifier" time="0.384"/>
  <system-out/>
  <testcase classname="com.test.cases.TestCases11" name="validateSavebtn" time="0.110"/>
  <system-out/>
</testsuite> <!-- com.test.cases.TestCases11 -->
