<?xml version="1.0" encoding="UTF-8"?>
<!-- Generated by org.testng.reporters.JUnitReportReporter -->
<testsuite hostname="DESKTOP-SQFF9V1" failures="0" tests="3" name="com.test.cases.TestCase3" time="9.403" errors="0" timestamp="2022-11-16T16:59:17 IST" skipped="0">
  <testcase classname="com.test.cases.TestCase3" name="ValidateCalender" time="8.310"/>
  <system-out/>
  <testcase classname="com.test.cases.TestCase3" name="ValidateContact" time="0.543"/>
  <system-out/>
  <testcase classname="com.test.cases.TestCase3" name="ValidateCompany" time="0.550"/>
  <system-out/>
</testsuite> <!-- com.test.cases.TestCase3 -->
