<?xml version="1.0" encoding="UTF-8"?>
<!-- Generated by org.testng.reporters.JUnitReportReporter -->
<testsuite hostname="LAPTOP-30NBV301" failures="0" tests="6" name="com.test.cases.TestCase2" time="22.681" errors="0" timestamp="2022-11-16T13:54:36 IST" skipped="0">
  <testcase classname="com.test.cases.TestCase2" name="validateEmail" time="6.091"/>
  <system-out/>
  <testcase classname="com.test.cases.TestCase2" name="validatePassword" time="1.922"/>
  <system-out/>
  <testcase classname="com.test.cases.TestCase2" name="validateLoginbtn" time="1.822"/>
  <system-out/>
  <testcase classname="com.test.cases.TestCase2" name="validateForgotpass" time="4.353"/>
  <system-out/>
  <testcase classname="com.test.cases.TestCase2" name="validateSignUp" time="6.540"/>
  <system-out/>
  <testcase classname="com.test.cases.TestCase2" name="ValidateLoginFuctionality" time="1.953"/>
  <system-out/>
</testsuite> <!-- com.test.cases.TestCase2 -->
