<?xml version="1.0" encoding="UTF-8"?>
<!-- Generated by org.testng.reporters.JUnitReportReporter -->
<testsuite hostname="DESKTOP-SQFF9V1" failures="0" tests="4" name="com.test.cases.TestCase8" time="24.276" errors="0" timestamp="2022-11-18T20:24:27 IST" skipped="0">
  <testcase classname="com.test.cases.TestCase8" name="intialsetup" time="6.464"/>
  <system-out/>
  <testcase classname="com.test.cases.TestCase8" name="Visibilityofcancel" time="0.302"/>
  <system-out/>
  <testcase classname="com.test.cases.TestCase8" name="entercred" time="17.281"/>
  <system-out/>
  <testcase classname="com.test.cases.TestCase8" name="clickonsave" time="0.229"/>
  <system-out/>
</testsuite> <!-- com.test.cases.TestCase8 -->
