<?xml version="1.0" encoding="UTF-8"?>
<!-- Generated by org.testng.reporters.JUnitReportReporter -->
<testsuite hostname="DESKTOP-SQFF9V1" failures="0" tests="1" name="com.test.cases.TestCase2" time="5.773" errors="0" timestamp="2022-11-16T12:54:49 IST" skipped="0">
  <testcase classname="com.test.cases.TestCase2" name="ValidateLoginFuctionality" time="5.773"/>
  <system-out/>
</testsuite> <!-- com.test.cases.TestCase2 -->
